chunk-6VWAHX6D.js?v=b864a906:21551 Download the React DevTools for a better development experience: https://reactjs.org/link/react-devtools
crimeService.ts:12 Multiple GoTrueClient instances detected in the same browser context. It is not an error, but this should be avoided as it may produce undefined behavior when used concurrently under the same storage key.
_GoTrueClient @ @supabase_supabase-js.js?v=b864a906:4857
SupabaseAuthClient @ @supabase_supabase-js.js?v=b864a906:6648
_initSupabaseAuthClient @ @supabase_supabase-js.js?v=b864a906:6844
SupabaseClient @ @supabase_supabase-js.js?v=b864a906:6717
createClient @ @supabase_supabase-js.js?v=b864a906:6884
(anonymous) @ crimeService.ts:12
crimeService.ts:18 Configuração Supabase: {url: 'https://olveoumceudfcxkdroxy.supabase.co', anonKey: 'eyJhbGciOi...', serviceKey: 'eyJhbGciOi...'}
supabase.ts:10 Multiple GoTrueClient instances detected in the same browser context. It is not an error, but this should be avoided as it may produce undefined behavior when used concurrently under the same storage key.
_GoTrueClient @ @supabase_supabase-js.js?v=b864a906:4857
SupabaseAuthClient @ @supabase_supabase-js.js?v=b864a906:6648
_initSupabaseAuthClient @ @supabase_supabase-js.js?v=b864a906:6844
SupabaseClient @ @supabase_supabase-js.js?v=b864a906:6717
createClient @ @supabase_supabase-js.js?v=b864a906:6884
(anonymous) @ supabase.ts:10
Filters.tsx:27 Uncaught TypeError: Cannot read properties of undefined (reading 'timeRange')
    at Filters (Filters.tsx:27:28)
    at renderWithHooks (chunk-6VWAHX6D.js?v=b864a906:11548:26)
    at mountIndeterminateComponent (chunk-6VWAHX6D.js?v=b864a906:14926:21)
    at beginWork (chunk-6VWAHX6D.js?v=b864a906:15914:22)
    at HTMLUnknownElement.callCallback2 (chunk-6VWAHX6D.js?v=b864a906:3674:22)
    at Object.invokeGuardedCallbackDev (chunk-6VWAHX6D.js?v=b864a906:3699:24)
    at invokeGuardedCallback (chunk-6VWAHX6D.js?v=b864a906:3733:39)
    at beginWork$1 (chunk-6VWAHX6D.js?v=b864a906:19765:15)
    at performUnitOfWork (chunk-6VWAHX6D.js?v=b864a906:19198:20)
    at workLoopSync (chunk-6VWAHX6D.js?v=b864a906:19137:13)
Filters @ Filters.tsx:27
renderWithHooks @ chunk-6VWAHX6D.js?v=b864a906:11548
mountIndeterminateComponent @ chunk-6VWAHX6D.js?v=b864a906:14926
beginWork @ chunk-6VWAHX6D.js?v=b864a906:15914
callCallback2 @ chunk-6VWAHX6D.js?v=b864a906:3674
invokeGuardedCallbackDev @ chunk-6VWAHX6D.js?v=b864a906:3699
invokeGuardedCallback @ chunk-6VWAHX6D.js?v=b864a906:3733
beginWork$1 @ chunk-6VWAHX6D.js?v=b864a906:19765
performUnitOfWork @ chunk-6VWAHX6D.js?v=b864a906:19198
workLoopSync @ chunk-6VWAHX6D.js?v=b864a906:19137
renderRootSync @ chunk-6VWAHX6D.js?v=b864a906:19116
performConcurrentWorkOnRoot @ chunk-6VWAHX6D.js?v=b864a906:18678
workLoop @ chunk-6VWAHX6D.js?v=b864a906:197
flushWork @ chunk-6VWAHX6D.js?v=b864a906:176
performWorkUntilDeadline @ chunk-6VWAHX6D.js?v=b864a906:384
Filters.tsx:27 Uncaught TypeError: Cannot read properties of undefined (reading 'timeRange')
    at Filters (Filters.tsx:27:28)
    at renderWithHooks (chunk-6VWAHX6D.js?v=b864a906:11548:26)
    at mountIndeterminateComponent (chunk-6VWAHX6D.js?v=b864a906:14926:21)
    at beginWork (chunk-6VWAHX6D.js?v=b864a906:15914:22)
    at HTMLUnknownElement.callCallback2 (chunk-6VWAHX6D.js?v=b864a906:3674:22)
    at Object.invokeGuardedCallbackDev (chunk-6VWAHX6D.js?v=b864a906:3699:24)
    at invokeGuardedCallback (chunk-6VWAHX6D.js?v=b864a906:3733:39)
    at beginWork$1 (chunk-6VWAHX6D.js?v=b864a906:19765:15)
    at performUnitOfWork (chunk-6VWAHX6D.js?v=b864a906:19198:20)
    at workLoopSync (chunk-6VWAHX6D.js?v=b864a906:19137:13)
Filters @ Filters.tsx:27
renderWithHooks @ chunk-6VWAHX6D.js?v=b864a906:11548
mountIndeterminateComponent @ chunk-6VWAHX6D.js?v=b864a906:14926
beginWork @ chunk-6VWAHX6D.js?v=b864a906:15914
callCallback2 @ chunk-6VWAHX6D.js?v=b864a906:3674
invokeGuardedCallbackDev @ chunk-6VWAHX6D.js?v=b864a906:3699
invokeGuardedCallback @ chunk-6VWAHX6D.js?v=b864a906:3733
beginWork$1 @ chunk-6VWAHX6D.js?v=b864a906:19765
performUnitOfWork @ chunk-6VWAHX6D.js?v=b864a906:19198
workLoopSync @ chunk-6VWAHX6D.js?v=b864a906:19137
renderRootSync @ chunk-6VWAHX6D.js?v=b864a906:19116
recoverFromConcurrentError @ chunk-6VWAHX6D.js?v=b864a906:18736
performConcurrentWorkOnRoot @ chunk-6VWAHX6D.js?v=b864a906:18684
workLoop @ chunk-6VWAHX6D.js?v=b864a906:197
flushWork @ chunk-6VWAHX6D.js?v=b864a906:176
performWorkUntilDeadline @ chunk-6VWAHX6D.js?v=b864a906:384
chunk-6VWAHX6D.js?v=b864a906:14032 The above error occurred in the <Filters> component:

    at Filters (http://localhost:3000/src/components/Filters.tsx:18:27)
    at div
    at div
    at div
    at div
    at div
    at div
    at UnitDashboard (http://localhost:3000/src/pages/UnitDashboard.tsx?t=1739399244767:180:20)
    at RenderedRoute (http://localhost:3000/node_modules/.vite/deps/react-router-dom.js?v=b864a906:4088:5)
    at Routes (http://localhost:3000/node_modules/.vite/deps/react-router-dom.js?v=b864a906:4558:5)
    at Router (http://localhost:3000/node_modules/.vite/deps/react-router-dom.js?v=b864a906:4501:15)
    at BrowserRouter (http://localhost:3000/node_modules/.vite/deps/react-router-dom.js?v=b864a906:5247:5)
    at App

Consider adding an error boundary to your tree to customize error handling behavior.
Visit https://reactjs.org/link/error-boundaries to learn more about error boundaries.
logCapturedError @ chunk-6VWAHX6D.js?v=b864a906:14032
update.callback @ chunk-6VWAHX6D.js?v=b864a906:14052
callCallback @ chunk-6VWAHX6D.js?v=b864a906:11248
commitUpdateQueue @ chunk-6VWAHX6D.js?v=b864a906:11265
commitLayoutEffectOnFiber @ chunk-6VWAHX6D.js?v=b864a906:17093
commitLayoutMountEffects_complete @ chunk-6VWAHX6D.js?v=b864a906:17980
commitLayoutEffects_begin @ chunk-6VWAHX6D.js?v=b864a906:17969
commitLayoutEffects @ chunk-6VWAHX6D.js?v=b864a906:17920
commitRootImpl @ chunk-6VWAHX6D.js?v=b864a906:19353
commitRoot @ chunk-6VWAHX6D.js?v=b864a906:19277
finishConcurrentRender @ chunk-6VWAHX6D.js?v=b864a906:18760
performConcurrentWorkOnRoot @ chunk-6VWAHX6D.js?v=b864a906:18718
workLoop @ chunk-6VWAHX6D.js?v=b864a906:197
flushWork @ chunk-6VWAHX6D.js?v=b864a906:176
performWorkUntilDeadline @ chunk-6VWAHX6D.js?v=b864a906:384
chunk-6VWAHX6D.js?v=b864a906:19413 Uncaught TypeError: Cannot read properties of undefined (reading 'timeRange')
    at Filters (Filters.tsx:27:28)
    at renderWithHooks (chunk-6VWAHX6D.js?v=b864a906:11548:26)
    at mountIndeterminateComponent (chunk-6VWAHX6D.js?v=b864a906:14926:21)
    at beginWork (chunk-6VWAHX6D.js?v=b864a906:15914:22)
    at beginWork$1 (chunk-6VWAHX6D.js?v=b864a906:19753:22)
    at performUnitOfWork (chunk-6VWAHX6D.js?v=b864a906:19198:20)
    at workLoopSync (chunk-6VWAHX6D.js?v=b864a906:19137:13)
    at renderRootSync (chunk-6VWAHX6D.js?v=b864a906:19116:15)
    at recoverFromConcurrentError (chunk-6VWAHX6D.js?v=b864a906:18736:28)
    at performConcurrentWorkOnRoot (chunk-6VWAHX6D.js?v=b864a906:18684:30)
Filters @ Filters.tsx:27
renderWithHooks @ chunk-6VWAHX6D.js?v=b864a906:11548
mountIndeterminateComponent @ chunk-6VWAHX6D.js?v=b864a906:14926
beginWork @ chunk-6VWAHX6D.js?v=b864a906:15914
beginWork$1 @ chunk-6VWAHX6D.js?v=b864a906:19753
performUnitOfWork @ chunk-6VWAHX6D.js?v=b864a906:19198
workLoopSync @ chunk-6VWAHX6D.js?v=b864a906:19137
renderRootSync @ chunk-6VWAHX6D.js?v=b864a906:19116
recoverFromConcurrentError @ chunk-6VWAHX6D.js?v=b864a906:18736
performConcurrentWorkOnRoot @ chunk-6VWAHX6D.js?v=b864a906:18684
workLoop @ chunk-6VWAHX6D.js?v=b864a906:197
flushWork @ chunk-6VWAHX6D.js?v=b864a906:176
performWorkUntilDeadline @ chunk-6VWAHX6D.js?v=b864a906:384
